<?xml version="1.0" encoding="UTF-8"?>
<!-- Generated by org.testng.reporters.JUnitReportReporter -->
<testsuite hostname="DESKTOP-S6B5AN6" failures="0" tests="3" name="introduction.streamstest1" time="0.061" errors="0" timestamp="2023-09-01T18:38:44 IST" skipped="0">
  <testcase classname="introduction.streamstest1" name="streamFilter" time="0.023"/>
  <testcase classname="introduction.streamstest1" name="streamCollect" time="0.019"/>
  <testcase classname="introduction.streamstest1" name="streamMap" time="0.019"/>
</testsuite> <!-- introduction.streamstest1 -->
